/*C3*/SET SCHEMA PUBLIC
DISCONNECT
/*C4*/SET SCHEMA PUBLIC
DISCONNECT
/*C5*/SET SCHEMA PUBLIC
DISCONNECT
/*C6*/SET SCHEMA PUBLIC
DISCONNECT
/*C7*/SET SCHEMA PUBLIC
DISCONNECT
/*C8*/SET SCHEMA PUBLIC
DISCONNECT
/*C9*/SET SCHEMA PUBLIC
DISCONNECT
/*C10*/SET SCHEMA PUBLIC
DELETE FROM MOVIE WHERE MOVIE_ID='MV-00006'
INSERT INTO MOVIE VALUES('MV-00006','GR-05','Shutter Island','Martin Scorsese','Leonardo DiCaprio',95,'2010-03-18',8000.00,'sample/images/posters/shutterisland.jpg','Y')
COMMIT
DISCONNECT
/*C11*/SET SCHEMA PUBLIC
DISCONNECT
